#
# A fatal error has been detected by the Java Runtime Environment:
#
#  EXCEPTION_ACCESS_VIOLATION (0xc0000005) at pc=0x00007ff8c186d0c5, pid=11808, tid=10756
#
# JRE version: OpenJDK Runtime Environment (16.0.1+9) (build 16.0.1+9-24)
# Java VM: OpenJDK 64-Bit Server VM (16.0.1+9-24, mixed mode, tiered, compressed oops, compressed class ptrs, g1 gc, windows-amd64)
# Problematic frame:
# V  [jvm.dll+0x32d0c5]
#
# No core dump will be written. Minidumps are not enabled by default on client versions of Windows
#
# If you would like to submit a bug report, please visit:
#   https://bugreport.java.com/bugreport/crash.jsp
#

---------------  S U M M A R Y ------------

Command Line: -XX:+ShowCodeDetailsInExceptionMessages -agentlib:jdwp=transport=dt_socket,suspend=y,address=localhost:58686 -javaagent:C:\Users\Dell\eclipse\jee-2020-12\eclipse\configuration\org.eclipse.osgi\405\0\.cp\lib\javaagent-shaded.jar -Dfile.encoding=Cp1252 DriverFactory.DriverScript

Host: Intel(R) Core(TM) i3-7100T CPU @ 3.40GHz, 4 cores, 7G,  Windows 10 , 64 bit Build 19041 (10.0.19041.3155)
Time: Tue Aug 22 15:44:51 2023 India Standard Time elapsed time: 6796.874566 seconds (0d 1h 53m 16s)

---------------  T H R E A D  ---------------

Current thread (0x00000192c0fd4b60):  VMThread "VM Thread" [stack: 0x00000053e0300000,0x00000053e0400000] [id=10756]

Stack: [0x00000053e0300000,0x00000053e0400000],  sp=0x00000053e03fef40,  free space=1019k
Native frames: (J=compiled Java code, j=interpreted, Vv=VM code, C=native code)
V  [jvm.dll+0x32d0c5]
V  [jvm.dll+0x32f612]
V  [jvm.dll+0x32fd1e]
V  [jvm.dll+0x32d39f]
V  [jvm.dll+0x32c627]
V  [jvm.dll+0x6572ce]
V  [jvm.dll+0x656fd3]
V  [jvm.dll+0x61c848]
V  [jvm.dll+0x7c1e55]
V  [jvm.dll+0x520b76]
V  [jvm.dll+0x7d05eb]
V  [jvm.dll+0x7d12e4]
V  [jvm.dll+0x7d17e9]
V  [jvm.dll+0x7d1aa4]
V  [jvm.dll+0x7d1b70]
V  [jvm.dll+0x779b4a]
V  [jvm.dll+0x667666]
C  [ucrtbase.dll+0x21bb2]
C  [KERNEL32.DLL+0x17614]
C  [ntdll.dll+0x526b1]


siginfo: EXCEPTION_ACCESS_VIOLATION (0xc0000005), reading address 0xffffffffffffffff


Register to memory mapping:

RIP=0x00007ff8c186d0c5 jvm.dll
RAX=0x002a000200000000 is an unknown value
RBX=0x00000053e03ff1e0 points into unknown readable memory: 0x00007ff8c1e721f8 | f8 21 e7 c1 f8 7f 00 00
RCX=0x000000000000c600 is an unknown value
RDX=0x000000000000b200 is an unknown value
RSP=0x00000053e03fef40 points into unknown readable memory: 0x00000053e03fefb0 | b0 ef 3f e0 53 00 00 00
RBP=0x0000000000000001 is an unknown value
RSI=0x0000000000000001 is an unknown value
RDI=0x00000192de43b350 is pointing into metadata
R8 =0x0 is NULL
R9 =0x00000192de43b350 is pointing into metadata
R10=0x0 is NULL
R11=0x0000000047000000 is an unknown value
R12=0x00007ff8c1540000 jvm.dll
R13=0x00000192dd2453a0 points into unknown readable memory: 0x000000ad867bb700 | 00 b7 7b 86 ad 00 00 00
R14=0x00000192de43bbf1 is pointing into metadata
R15=0x00000000000000cc is an unknown value


Registers:
RAX=0x002a000200000000, RBX=0x00000053e03ff1e0, RCX=0x000000000000c600, RDX=0x000000000000b200
RSP=0x00000053e03fef40, RBP=0x0000000000000001, RSI=0x0000000000000001, RDI=0x00000192de43b350
R8 =0x0000000000000000, R9 =0x00000192de43b350, R10=0x0000000000000000, R11=0x0000000047000000
R12=0x00007ff8c1540000, R13=0x00000192dd2453a0, R14=0x00000192de43bbf1, R15=0x00000000000000cc
RIP=0x00007ff8c186d0c5, EFLAGS=0x0000000000010206

Top of Stack: (sp=0x00000053e03fef40)
0x00000053e03fef40:   00000053e03fefb0 00007ff8c166d03e
0x00000053e03fef50:   00000053e03fefb0 00007ff8c16652ae
0x00000053e03fef60:   0000000000000000 00007ff8c1777a80
0x00000053e03fef70:   00000000460000b9 00007ff8c17787ad
0x00000053e03fef80:   00008f8cef7bf832 00008f8cef7bf822
0x00000053e03fef90:   00000192de43bbf1 00000000000000b2
0x00000053e03fefa0:   00000053e03ff1e0 00007ff8c186f612
0x00000053e03fefb0:   00000000000000bc 00000053e03ff050
0x00000053e03fefc0:   0000000000000001 00007ff8c186cff0
0x00000053e03fefd0:   00000000000000c1 00000053e03ff1e0
0x00000053e03fefe0:   00000000460000b9 00000192c0fd4b60
0x00000053e03feff0:   00000000000000cc 00000192de43bbf1
0x00000053e03ff000:   00000192dd2453a0 00007ff8c1540000
0x00000053e03ff010:   00000000000000cc 00000000000000b2
0x00000053e03ff020:   00000053e03ff1e0 00007ff8c186fd1e
0x00000053e03ff030:   00000053e03ff1e0 00000053e03ff080 

Instructions: (pc=0x00007ff8c186d0c5)
0x00007ff8c186cfc5:   42 8b 1c 81 4e 8d 34 81 8b 75 58 41 81 e0 ff ff
0x00007ff8c186cfd5:   ff 00 41 81 c8 00 00 00 47 48 8b cd 45 89 06 c7
0x00007ff8c186cfe5:   45 58 01 00 00 00 e8 b0 38 00 00 66 83 7c 24 68
0x00007ff8c186cff5:   00 41 89 1e 89 75 58 74 40 8b 4c 24 70 49 ff c7
0x00007ff8c186d005:   0f b7 c1 48 83 c7 08 4c 3b f8 0f 8c 4b ff ff ff
0x00007ff8c186d015:   83 7d 5c 00 74 23 48 83 3d 0d a7 7a 00 00 74 15
0x00007ff8c186d025:   80 7d 42 00 74 0f 48 8d 15 b6 04 5c 00 48 8b cd
0x00007ff8c186d035:   e8 d6 42 00 00 c6 45 42 00 4c 8b 74 24 28 4c 8b
0x00007ff8c186d045:   6c 24 30 4c 8b 64 24 38 48 8b 7c 24 40 48 8b 74
0x00007ff8c186d055:   24 48 48 8b 5c 24 60 4c 8b 7c 24 20 48 83 c4 50
0x00007ff8c186d065:   5d c3 cc cc cc cc cc cc cc cc cc 48 89 5c 24 10
0x00007ff8c186d075:   48 89 6c 24 18 56 57 41 56 48 83 ec 50 48 8b 05
0x00007ff8c186d085:   7f 3c 77 00 48 33 c4 48 89 44 24 40 48 8b 41 08
0x00007ff8c186d095:   48 8b d9 41 8b e8 8b f2 45 33 c0 41 8b d1 48 8b
0x00007ff8c186d0a5:   48 08 48 8b 79 08 48 8b cf e8 bd d4 f0 ff 8b d0
0x00007ff8c186d0b5:   48 8b cf e8 e3 ff f0 ff 48 63 c8 48 8b 44 cf 48
0x00007ff8c186d0c5:   0f be 48 06 e8 22 88 3b 00 8b 0d 54 a5 7a 00 48
0x00007ff8c186d0d5:   8d 3d 51 a5 7a 00 8d 50 f4 83 fa 01 76 27 8d 50
0x00007ff8c186d0e5:   f9 f7 c2 fb ff ff ff 74 13 83 f8 0e 48 8d 15 40
0x00007ff8c186d0f5:   a5 7a 00 4c 8b d7 4c 0f 45 d2 eb 27 4c 8d 15 60
0x00007ff8c186d105:   a5 7a 00 eb 1e 8b 84 24 90 00 00 00 4c 8d 54 24
0x00007ff8c186d115:   30 25 ff ff ff 00 89 4c 24 34 0d 00 00 00 46 89
0x00007ff8c186d125:   44 24 30 45 33 c0 85 f6 74 05 49 8b fa eb 29 41
0x00007ff8c186d135:   8b 02 85 c0 74 22 49 8b d0 4d 8b c8 42 89 44 0c
0x00007ff8c186d145:   20 48 8d 52 01 4c 8d 0c 95 00 00 00 00 41 ff c0
0x00007ff8c186d155:   43 8b 04 11 85 c0 75 e4 85 ed 75 10 8b 05 ed 4d
0x00007ff8c186d165:   74 00 49 63 d0 41 ff c0 89 44 94 20 49 63 c0 4c
0x00007ff8c186d175:   8d 74 24 20 89 4c 84 20 8b 74 24 20 85 f6 74 4c
0x00007ff8c186d185:   48 63 53 58 85 d2 7f 18 48 8d 15 bc db 57 00 48
0x00007ff8c186d195:   8b cb e8 44 48 00 00 44 8b 05 91 a4 7a 00 eb 16
0x00007ff8c186d1a5:   48 63 4b 20 8d 42 ff 89 43 58 48 03 ca 48 8b 43
0x00007ff8c186d1b5:   48 44 8b 44 88 fc 8b d6 48 8b cb e8 6b f0 ff ff 


Stack slot to memory mapping:
stack at sp + 0 slots: 0x00000053e03fefb0 points into unknown readable memory: 0x00000000000000bc | bc 00 00 00 00 00 00 00
stack at sp + 1 slots: 0x00007ff8c166d03e jvm.dll
stack at sp + 2 slots: 0x00000053e03fefb0 points into unknown readable memory: 0x00000000000000bc | bc 00 00 00 00 00 00 00
stack at sp + 3 slots: 0x00007ff8c16652ae jvm.dll
stack at sp + 4 slots: 0x0 is NULL
stack at sp + 5 slots: 0x00007ff8c1777a80 jvm.dll
stack at sp + 6 slots: 0x00000000460000b9 is an unknown value
stack at sp + 7 slots: 0x00007ff8c17787ad jvm.dll

VM_Operation (0x00000053e0eff8a0): get/set locals, mode: safepoint, requested by thread 0x00000192dd381100


---------------  P R O C E S S  ---------------

Threads class SMR info:
_java_thread_list=0x00000192df03f1b0, length=15, elements={
0x00000192c12cadb0, 0x00000192c1465010, 0x00000192c14662a0, 0x00000192c0fde1d0,
0x00000192c1451360, 0x00000192c1452510, 0x00000192dd149520, 0x00000192dd14a530,
0x00000192dd14b340, 0x00000192dd161460, 0x00000192dd1edfb0, 0x00000192dd381100,
0x00000192dd3b3bc0, 0x00000192dd3b4100, 0x00000192dda19e80
}

Java Threads: ( => current thread )
  0x00000192c12cadb0 JavaThread "main" [_thread_blocked, id=6968, stack(0x00000053dfd00000,0x00000053dfe00000)]
  0x00000192c1465010 JavaThread "Reference Handler" daemon [_thread_blocked, id=17220, stack(0x00000053e0400000,0x00000053e0500000)]
  0x00000192c14662a0 JavaThread "Finalizer" daemon [_thread_blocked, id=19800, stack(0x00000053e0500000,0x00000053e0600000)]
  0x00000192c0fde1d0 JavaThread "Signal Dispatcher" daemon [_thread_blocked, id=17888, stack(0x00000053e0600000,0x00000053e0700000)]
  0x00000192c1451360 JavaThread "Attach Listener" daemon [_thread_blocked, id=13488, stack(0x00000053e0700000,0x00000053e0800000)]
  0x00000192c1452510 JavaThread "Service Thread" daemon [_thread_blocked, id=6924, stack(0x00000053e0800000,0x00000053e0900000)]
  0x00000192dd149520 JavaThread "Monitor Deflation Thread" daemon [_thread_blocked, id=11628, stack(0x00000053e0900000,0x00000053e0a00000)]
  0x00000192dd14a530 JavaThread "C2 CompilerThread0" daemon [_thread_blocked, id=10864, stack(0x00000053e0a00000,0x00000053e0b00000)]
  0x00000192dd14b340 JavaThread "C1 CompilerThread0" daemon [_thread_blocked, id=18576, stack(0x00000053e0b00000,0x00000053e0c00000)]
  0x00000192dd161460 JavaThread "Sweeper thread" daemon [_thread_blocked, id=19820, stack(0x00000053e0c00000,0x00000053e0d00000)]
  0x00000192dd1edfb0 JavaThread "Common-Cleaner" daemon [_thread_blocked, id=11480, stack(0x00000053e0d00000,0x00000053e0e00000)]
  0x00000192dd381100 JavaThread "JDWP Transport Listener: dt_socket" daemon [_thread_blocked, id=19084, stack(0x00000053e0e00000,0x00000053e0f00000)]
  0x00000192dd3b3bc0 JavaThread "JDWP Event Helper Thread" daemon [_thread_blocked, id=1920, stack(0x00000053e0f00000,0x00000053e1000000)]
  0x00000192dd3b4100 JavaThread "JDWP Command Reader" daemon [_thread_in_native, id=16048, stack(0x00000053e1000000,0x00000053e1100000)]
  0x00000192dda19e80 JavaThread "Notification Thread" daemon [_thread_blocked, id=19740, stack(0x00000053e1500000,0x00000053e1600000)]

Other Threads:
=>0x00000192c0fd4b60 VMThread "VM Thread" [stack: 0x00000053e0300000,0x00000053e0400000] [id=10756]
  0x00000192c12cbdd0 WatcherThread [stack: 0x00000053e1600000,0x00000053e1700000] [id=13876]
  0x00000192c1317850 GCTaskThread "GC Thread#0" [stack: 0x00000053dfe00000,0x00000053dff00000] [id=9324]
  0x00000192dd46f9c0 GCTaskThread "GC Thread#1" [stack: 0x00000053e1200000,0x00000053e1300000] [id=17088]
  0x00000192dd4f8700 GCTaskThread "GC Thread#2" [stack: 0x00000053e1300000,0x00000053e1400000] [id=19304]
  0x00000192dda36500 GCTaskThread "GC Thread#3" [stack: 0x00000053e1400000,0x00000053e1500000] [id=19764]
  0x00000192c1329080 ConcurrentGCThread "G1 Main Marker" [stack: 0x00000053dff00000,0x00000053e0000000] [id=19556]
  0x00000192c132ab00 ConcurrentGCThread "G1 Conc#0" [stack: 0x00000053e0000000,0x00000053e0100000] [id=2564]
  0x00000192c1353460 ConcurrentGCThread "G1 Refine#0" [stack: 0x00000053e0100000,0x00000053e0200000] [id=14964]
  0x00000192c1353ee0 ConcurrentGCThread "G1 Service" [stack: 0x00000053e0200000,0x00000053e0300000] [id=6424]

Threads with active compile tasks:

VM state: at safepoint (normal execution)

VM Mutex/Monitor currently owned by a thread:  ([mutex/lock_event])
[0x00000192c12bcf80] Threads_lock - owner thread: 0x00000192c0fd4b60

Heap address: 0x0000000081c00000, size: 2020 MB, Compressed Oops mode: 32-bit

CDS disabled.
Compressed class space mapped at: 0x0000000100000000-0x0000000140000000, reserved size: 1073741824
Narrow klass base: 0x0000000000000000, Narrow klass shift: 3, Narrow klass range: 0x140000000

GC Precious Log:
 CPUs: 4 total, 4 available
 Memory: 8076M
 Large Page Support: Disabled
 NUMA Support: Disabled
 Compressed Oops: Enabled (32-bit)
 Heap Region Size: 1M
 Heap Min Capacity: 8M
 Heap Initial Capacity: 128M
 Heap Max Capacity: 2020M
 Pre-touch: Disabled
 Parallel Workers: 4
 Concurrent Workers: 1
 Concurrent Refinement Workers: 4
 Periodic GC: Disabled

Heap:
 garbage-first heap   total 68608K, used 21636K [0x0000000081c00000, 0x0000000100000000)
  region size 1024K, 10 young (10240K), 6 survivors (6144K)
 Metaspace       used 21760K, committed 22016K, reserved 1073152K
  class space    used 2171K, committed 2304K, reserved 1048576K

Heap Regions: E=young(eden), S=young(survivor), O=old, HS=humongous(starts), HC=humongous(continues), CS=collection set, F=free, OA=open archive, CA=closed archive, TAMS=top-at-mark-start (previous, next)
|   0|0x0000000081c00000, 0x0000000081d00000, 0x0000000081d00000|100%|HS|  |TAMS 0x0000000081d00000, 0x0000000081c00000| Complete 
|   1|0x0000000081d00000, 0x0000000081e00000, 0x0000000081e00000|100%|HC|  |TAMS 0x0000000081e00000, 0x0000000081d00000| Complete 
|   2|0x0000000081e00000, 0x0000000081e00000, 0x0000000081f00000|  0%| F|  |TAMS 0x0000000081e00000, 0x0000000081e00000| Untracked 
|   3|0x0000000081f00000, 0x0000000082000000, 0x0000000082000000|100%|HS|  |TAMS 0x0000000082000000, 0x0000000081f00000| Complete 
|   4|0x0000000082000000, 0x0000000082100000, 0x0000000082100000|100%|HC|  |TAMS 0x0000000082100000, 0x0000000082000000| Complete 
|   5|0x0000000082100000, 0x0000000082200000, 0x0000000082200000|100%|HC|  |TAMS 0x0000000082200000, 0x0000000082100000| Complete 
|   6|0x0000000082200000, 0x0000000082300000, 0x0000000082300000|100%|HS|  |TAMS 0x0000000082300000, 0x0000000082200000| Complete 
|   7|0x0000000082300000, 0x0000000082400000, 0x0000000082400000|100%| O|  |TAMS 0x0000000082400000, 0x0000000082300000| Untracked 
|   8|0x0000000082400000, 0x0000000082500000, 0x0000000082500000|100%| O|  |TAMS 0x0000000082500000, 0x0000000082400000| Untracked 
|   9|0x0000000082500000, 0x0000000082600000, 0x0000000082600000|100%| O|  |TAMS 0x0000000082600000, 0x0000000082500000| Untracked 
|  10|0x0000000082600000, 0x0000000082700000, 0x0000000082700000|100%| O|  |TAMS 0x0000000082700000, 0x0000000082600000| Untracked 
|  11|0x0000000082700000, 0x0000000082800000, 0x0000000082800000|100%| O|  |TAMS 0x0000000082800000, 0x0000000082700000| Untracked 
|  12|0x0000000082800000, 0x0000000082900000, 0x0000000082900000|100%| O|  |TAMS 0x0000000082900000, 0x0000000082800000| Untracked 
|  13|0x0000000082900000, 0x0000000082921000, 0x0000000082a00000| 12%| O|  |TAMS 0x0000000082921000, 0x0000000082900000| Untracked 
|  14|0x0000000082a00000, 0x0000000082a00000, 0x0000000082b00000|  0%| F|  |TAMS 0x0000000082a00000, 0x0000000082a00000| Untracked 
|  15|0x0000000082b00000, 0x0000000082b00000, 0x0000000082c00000|  0%| F|  |TAMS 0x0000000082b00000, 0x0000000082b00000| Untracked 
|  16|0x0000000082c00000, 0x0000000082c00000, 0x0000000082d00000|  0%| F|  |TAMS 0x0000000082c00000, 0x0000000082c00000| Untracked 
|  17|0x0000000082d00000, 0x0000000082d00000, 0x0000000082e00000|  0%| F|  |TAMS 0x0000000082d00000, 0x0000000082d00000| Untracked 
|  18|0x0000000082e00000, 0x0000000082e00000, 0x0000000082f00000|  0%| F|  |TAMS 0x0000000082e00000, 0x0000000082e00000| Untracked 
|  19|0x0000000082f00000, 0x0000000082f00000, 0x0000000083000000|  0%| F|  |TAMS 0x0000000082f00000, 0x0000000082f00000| Untracked 
|  20|0x0000000083000000, 0x0000000083000000, 0x0000000083100000|  0%| F|  |TAMS 0x0000000083000000, 0x0000000083000000| Untracked 
|  21|0x0000000083100000, 0x0000000083100000, 0x0000000083200000|  0%| F|  |TAMS 0x0000000083100000, 0x0000000083100000| Untracked 
|  22|0x0000000083200000, 0x0000000083200000, 0x0000000083300000|  0%| F|  |TAMS 0x0000000083200000, 0x0000000083200000| Untracked 
|  23|0x0000000083300000, 0x0000000083300000, 0x0000000083400000|  0%| F|  |TAMS 0x0000000083300000, 0x0000000083300000| Untracked 
|  24|0x0000000083400000, 0x0000000083400000, 0x0000000083500000|  0%| F|  |TAMS 0x0000000083400000, 0x0000000083400000| Untracked 
|  25|0x0000000083500000, 0x0000000083500000, 0x0000000083600000|  0%| F|  |TAMS 0x0000000083500000, 0x0000000083500000| Untracked 
|  26|0x0000000083600000, 0x0000000083600000, 0x0000000083700000|  0%| F|  |TAMS 0x0000000083600000, 0x0000000083600000| Untracked 
|  27|0x0000000083700000, 0x0000000083700000, 0x0000000083800000|  0%| F|  |TAMS 0x0000000083700000, 0x0000000083700000| Untracked 
|  28|0x0000000083800000, 0x0000000083800000, 0x0000000083900000|  0%| F|  |TAMS 0x0000000083800000, 0x0000000083800000| Untracked 
|  29|0x0000000083900000, 0x0000000083900000, 0x0000000083a00000|  0%| F|  |TAMS 0x0000000083900000, 0x0000000083900000| Untracked 
|  30|0x0000000083a00000, 0x0000000083a00000, 0x0000000083b00000|  0%| F|  |TAMS 0x0000000083a00000, 0x0000000083a00000| Untracked 
|  31|0x0000000083b00000, 0x0000000083b00000, 0x0000000083c00000|  0%| F|  |TAMS 0x0000000083b00000, 0x0000000083b00000| Untracked 
|  32|0x0000000083c00000, 0x0000000083c00000, 0x0000000083d00000|  0%| F|  |TAMS 0x0000000083c00000, 0x0000000083c00000| Untracked 
|  33|0x0000000083d00000, 0x0000000083d00000, 0x0000000083e00000|  0%| F|  |TAMS 0x0000000083d00000, 0x0000000083d00000| Untracked 
|  34|0x0000000083e00000, 0x0000000083e00000, 0x0000000083f00000|  0%| F|  |TAMS 0x0000000083e00000, 0x0000000083e00000| Untracked 
|  35|0x0000000083f00000, 0x0000000083f00000, 0x0000000084000000|  0%| F|  |TAMS 0x0000000083f00000, 0x0000000083f00000| Untracked 
|  36|0x0000000084000000, 0x0000000084000000, 0x0000000084100000|  0%| F|  |TAMS 0x0000000084000000, 0x0000000084000000| Untracked 
|  37|0x0000000084100000, 0x0000000084100000, 0x0000000084200000|  0%| F|  |TAMS 0x0000000084100000, 0x0000000084100000| Untracked 
|  38|0x0000000084200000, 0x0000000084200000, 0x0000000084300000|  0%| F|  |TAMS 0x0000000084200000, 0x0000000084200000| Untracked 
|  39|0x0000000084300000, 0x0000000084300000, 0x0000000084400000|  0%| F|  |TAMS 0x0000000084300000, 0x0000000084300000| Untracked 
|  40|0x0000000084400000, 0x0000000084400000, 0x0000000084500000|  0%| F|  |TAMS 0x0000000084400000, 0x0000000084400000| Untracked 
|  41|0x0000000084500000, 0x0000000084500000, 0x0000000084600000|  0%| F|  |TAMS 0x0000000084500000, 0x0000000084500000| Untracked 
|  42|0x0000000084600000, 0x0000000084600000, 0x0000000084700000|  0%| F|  |TAMS 0x0000000084600000, 0x0000000084600000| Untracked 
|  43|0x0000000084700000, 0x0000000084700000, 0x0000000084800000|  0%| F|  |TAMS 0x0000000084700000, 0x0000000084700000| Untracked 
|  44|0x0000000084800000, 0x0000000084800000, 0x0000000084900000|  0%| F|  |TAMS 0x0000000084800000, 0x0000000084800000| Untracked 
|  45|0x0000000084900000, 0x0000000084900000, 0x0000000084a00000|  0%| F|  |TAMS 0x0000000084900000, 0x0000000084900000| Untracked 
|  46|0x0000000084a00000, 0x0000000084a00000, 0x0000000084b00000|  0%| F|  |TAMS 0x0000000084a00000, 0x0000000084a00000| Untracked 
|  47|0x0000000084b00000, 0x0000000084b00000, 0x0000000084c00000|  0%| F|  |TAMS 0x0000000084b00000, 0x0000000084b00000| Untracked 
|  48|0x0000000084c00000, 0x0000000084c00000, 0x0000000084d00000|  0%| F|  |TAMS 0x0000000084c00000, 0x0000000084c00000| Untracked 
|  49|0x0000000084d00000, 0x0000000084d00000, 0x0000000084e00000|  0%| F|  |TAMS 0x0000000084d00000, 0x0000000084d00000| Untracked 
|  50|0x0000000084e00000, 0x0000000084e00000, 0x0000000084f00000|  0%| F|  |TAMS 0x0000000084e00000, 0x0000000084e00000| Untracked 
|  51|0x0000000084f00000, 0x0000000084f00000, 0x0000000085000000|  0%| F|  |TAMS 0x0000000084f00000, 0x0000000084f00000| Untracked 
|  52|0x0000000085000000, 0x0000000085000000, 0x0000000085100000|  0%| F|  |TAMS 0x0000000085000000, 0x0000000085000000| Untracked 
|  53|0x0000000085100000, 0x0000000085100000, 0x0000000085200000|  0%| F|  |TAMS 0x0000000085100000, 0x0000000085100000| Untracked 
|  54|0x0000000085200000, 0x0000000085200000, 0x0000000085300000|  0%| F|  |TAMS 0x0000000085200000, 0x0000000085200000| Untracked 
|  55|0x0000000085300000, 0x0000000085300000, 0x0000000085400000|  0%| F|  |TAMS 0x0000000085300000, 0x0000000085300000| Untracked 
|  56|0x0000000085400000, 0x0000000085400000, 0x0000000085500000|  0%| F|  |TAMS 0x0000000085400000, 0x0000000085400000| Untracked 
|  57|0x0000000085500000, 0x0000000085580800, 0x0000000085600000| 50%| E|  |TAMS 0x0000000085500000, 0x0000000085500000| Complete 
|  58|0x0000000085600000, 0x0000000085700000, 0x0000000085700000|100%| E|CS|TAMS 0x0000000085600000, 0x0000000085600000| Complete 
|  59|0x0000000085700000, 0x0000000085800000, 0x0000000085800000|100%| E|CS|TAMS 0x0000000085700000, 0x0000000085700000| Complete 
|  74|0x0000000086600000, 0x0000000086700000, 0x0000000086700000|100%| S|CS|TAMS 0x0000000086600000, 0x0000000086600000| Complete 
|  75|0x0000000086700000, 0x0000000086800000, 0x0000000086800000|100%| S|CS|TAMS 0x0000000086700000, 0x0000000086700000| Complete 
|  76|0x0000000086800000, 0x0000000086900000, 0x0000000086900000|100%| S|CS|TAMS 0x0000000086800000, 0x0000000086800000| Complete 
|  77|0x0000000086900000, 0x0000000086a00000, 0x0000000086a00000|100%| S|CS|TAMS 0x0000000086900000, 0x0000000086900000| Complete 
|  78|0x0000000086a00000, 0x0000000086b00000, 0x0000000086b00000|100%| S|CS|TAMS 0x0000000086a00000, 0x0000000086a00000| Complete 
|  79|0x0000000086b00000, 0x0000000086c00000, 0x0000000086c00000|100%| S|CS|TAMS 0x0000000086b00000, 0x0000000086b00000| Complete 
| 127|0x0000000089b00000, 0x0000000089c00000, 0x0000000089c00000|100%| E|CS|TAMS 0x0000000089b00000, 0x0000000089b00000| Complete 

Card table byte_map: [0x00000192d5c00000,0x00000192d6000000] _byte_map_base: 0x00000192d57f2000

Marking Bits (Prev, Next): (CMBitMap*) 0x00000192c1317f00, (CMBitMap*) 0x00000192c1317ec0
 Prev Bits: [0x00000192d8390000, 0x00000192da320000)
 Next Bits: [0x00000192d6400000, 0x00000192d8390000)

Polling page: 0x00000192c1080000

Metaspace:

Usage:
  Non-class:     19.13 MB used.
      Class:      2.12 MB used.
       Both:     21.25 MB used.

Virtual space:
  Non-class space:       24.00 MB reserved,      19.25 MB ( 80%) committed,  3 nodes.
      Class space:        1.00 GB reserved,       2.25 MB ( <1%) committed,  1 nodes.
              Both:        1.02 GB reserved,      21.50 MB (  2%) committed. 

Chunk freelists:
   Non-Class:  432.00 KB
       Class:  1.67 MB
        Both:  2.09 MB

MaxMetaspaceSize: 17179869184.00 GB
CompressedClassSpaceSize: 1.00 GB
 - commit_granule_bytes: 65536.
 - commit_granule_words: 8192.
 - virtual_space_node_default_size: 1048576.
 - enlarge_chunks_in_place: 1.
 - new_chunks_are_fully_committed: 0.
 - uncommit_free_chunks: 1.
 - use_allocation_guard: 0.
 - handle_deallocations: 1.


Internal statistics:

num_allocs_failed_limit: 3.
num_arena_births: 88.
num_arena_deaths: 0.
num_vsnodes_births: 4.
num_vsnodes_deaths: 0.
num_space_committed: 344.
num_space_uncommitted: 0.
num_chunks_returned_to_freelist: 3.
num_chunks_taken_from_freelist: 412.
num_chunk_merges: 0.
num_chunk_splits: 284.
num_chunks_enlarged: 223.
num_purges: 0.

CodeHeap 'non-profiled nmethods': size=120000Kb used=1089Kb max_used=1089Kb free=118910Kb
 bounds [0x00000192cdcb0000, 0x00000192cdf20000, 0x00000192d51e0000]
CodeHeap 'profiled nmethods': size=120000Kb used=4300Kb max_used=4300Kb free=115700Kb
 bounds [0x00000192c6780000, 0x00000192c6bc0000, 0x00000192cdcb0000]
CodeHeap 'non-nmethods': size=5760Kb used=1257Kb max_used=1334Kb free=4502Kb
 bounds [0x00000192c61e0000, 0x00000192c6450000, 0x00000192c6780000]
 total_blobs=2445 nmethods=1964 adapters=394
 compilation: enabled
              stopped_count=0, restarted_count=0
 full_count=0

Compilation events (20 events):
Event: 2.345 Thread 0x00000192dd3b4830 nmethod 1933 0x00000192cdda7890 code [0x00000192cdda7aa0, 0x00000192cdda9558]
Event: 2.345 Thread 0x00000192dd3b4830 1946       4       java.util.HashMap::putVal (300 bytes)
Event: 2.376 Thread 0x00000192dd3b4830 nmethod 1946 0x00000192cddaa190 code [0x00000192cddaa3a0, 0x00000192cddabc58]
Event: 2.377 Thread 0x00000192dd3b4830 1966       4       java.lang.String::lastIndexOf (29 bytes)
Event: 2.380 Thread 0x00000192dd3b4830 nmethod 1966 0x00000192cddac410 code [0x00000192cddac5a0, 0x00000192cddac858]
Event: 2.380 Thread 0x00000192dd3b4830 1958       4       java.util.HashSet::add (20 bytes)
Event: 2.382 Thread 0x00000192dd3b4830 nmethod 1958 0x00000192cddaca10 code [0x00000192cddacba0, 0x00000192cddacd48]
Event: 2.382 Thread 0x00000192dd3b4830 1939       4       jdk.internal.org.objectweb.asm.SymbolTable$Entry::<init> (17 bytes)
Event: 2.386 Thread 0x00000192dd3b4830 nmethod 1939 0x00000192cddace90 code [0x00000192cddad000, 0x00000192cddad238]
Event: 2.386 Thread 0x00000192dd3b4830 1969       4       java.util.zip.ZipFile$Source::getEntryPos (9 bytes)
Event: 2.388 Thread 0x00000192dd3b4830 nmethod 1969 0x00000192cddad310 code [0x00000192cddad4a0, 0x00000192cddad598]
Event: 2.388 Thread 0x00000192dd3b4830 1950 % !   4       java.util.concurrent.ConcurrentHashMap::transfer @ 372 (849 bytes)
Event: 2.438 Thread 0x00000192dd3b4830 nmethod 1950% 0x00000192cddad690 code [0x00000192cddad860, 0x00000192cddaf1a8]
Event: 2.636 Thread 0x00000192dd14a530 nmethod 1888 0x00000192cddafb10 code [0x00000192cddaffe0, 0x00000192cddbaff8]
Event: 2162.537 Thread 0x00000192dd14b340 1977   !   3       java.lang.ref.ReferenceQueue::remove (125 bytes)
Event: 2162.540 Thread 0x00000192dd14b340 nmethod 1977 0x00000192c6bb1810 code [0x00000192c6bb1a40, 0x00000192c6bb2298]
Event: 2222.546 Thread 0x00000192dd14b340 1978   !   3       jdk.internal.ref.PhantomCleanable::isListEmpty (34 bytes)
Event: 2222.547 Thread 0x00000192dd14b340 nmethod 1978 0x00000192c6bb2610 code [0x00000192c6bb27c0, 0x00000192c6bb2a18]
Event: 2222.547 Thread 0x00000192dd14b340 1979       3       jdk.internal.misc.InnocuousThread::eraseThreadLocals (23 bytes)
Event: 2222.547 Thread 0x00000192dd14b340 nmethod 1979 0x00000192c6bb2b90 code [0x00000192c6bb2d40, 0x00000192c6bb2f38]

GC Heap History (8 events):
Event: 0.434 GC heap before
{Heap before GC invocations=0 (full 0):
 garbage-first heap   total 131072K, used 19456K [0x0000000081c00000, 0x0000000100000000)
  region size 1024K, 13 young (13312K), 0 survivors (0K)
 Metaspace       used 6322K, committed 6464K, reserved 1056768K
  class space    used 513K, committed 576K, reserved 1048576K
}
Event: 0.438 GC heap after
{Heap after GC invocations=1 (full 0):
 garbage-first heap   total 131072K, used 13223K [0x0000000081c00000, 0x0000000100000000)
  region size 1024K, 2 young (2048K), 2 survivors (2048K)
 Metaspace       used 6322K, committed 6464K, reserved 1056768K
  class space    used 513K, committed 576K, reserved 1048576K
}
Event: 0.677 GC heap before
{Heap before GC invocations=1 (full 0):
 garbage-first heap   total 131072K, used 25511K [0x0000000081c00000, 0x0000000100000000)
  region size 1024K, 14 young (14336K), 2 survivors (2048K)
 Metaspace       used 9873K, committed 10048K, reserved 1064960K
  class space    used 819K, committed 896K, reserved 1048576K
}
Event: 0.679 GC heap after
{Heap after GC invocations=2 (full 0):
 garbage-first heap   total 131072K, used 14468K [0x0000000081c00000, 0x0000000100000000)
  region size 1024K, 2 young (2048K), 2 survivors (2048K)
 Metaspace       used 9873K, committed 10048K, reserved 1064960K
  class space    used 819K, committed 896K, reserved 1048576K
}
Event: 1.196 GC heap before
{Heap before GC invocations=2 (full 0):
 garbage-first heap   total 131072K, used 36996K [0x0000000081c00000, 0x0000000100000000)
  region size 1024K, 25 young (25600K), 2 survivors (2048K)
 Metaspace       used 15099K, committed 15296K, reserved 1064960K
  class space    used 1356K, committed 1472K, reserved 1048576K
}
Event: 1.200 GC heap after
{Heap after GC invocations=3 (full 0):
 garbage-first heap   total 131072K, used 16147K [0x0000000081c00000, 0x0000000100000000)
  region size 1024K, 4 young (4096K), 4 survivors (4096K)
 Metaspace       used 15099K, committed 15296K, reserved 1064960K
  class space    used 1356K, committed 1472K, reserved 1048576K
}
Event: 2.251 GC heap before
{Heap before GC invocations=3 (full 0):
 garbage-first heap   total 131072K, used 60179K [0x0000000081c00000, 0x0000000100000000)
  region size 1024K, 48 young (49152K), 4 survivors (4096K)
 Metaspace       used 21149K, committed 21248K, reserved 1073152K
  class space    used 2079K, committed 2112K, reserved 1048576K
}
Event: 2.259 GC heap after
{Heap after GC invocations=4 (full 0):
 garbage-first heap   total 131072K, used 18564K [0x0000000081c00000, 0x0000000100000000)
  region size 1024K, 6 young (6144K), 6 survivors (6144K)
 Metaspace       used 21149K, committed 21248K, reserved 1073152K
  class space    used 2079K, committed 2112K, reserved 1048576K
}

Deoptimization events (20 events):
Event: 2.295 Thread 0x00000192c12cadb0 Uncommon trap: trap_request=0xffffff45 fr.pc=0x00000192cdd9b0a0 relative=0x0000000000003440
Event: 2.295 Thread 0x00000192c12cadb0 Uncommon trap: reason=unstable_if action=reinterpret pc=0x00000192cdd9b0a0 method=org.eclipse.jdt.launching.internal.org.objectweb.asm.MethodWriter.putMethodInfo(Lorg/eclipse/jdt/launching/internal/org/objectweb/asm/ByteVector;)V @ 9 c2
Event: 2.295 Thread 0x00000192c12cadb0 DEOPT PACKING pc=0x00000192cdd9b0a0 sp=0x00000053dfdfbf00
Event: 2.295 Thread 0x00000192c12cadb0 DEOPT UNPACKING pc=0x00000192c622d72e sp=0x00000053dfdfbec0 mode 2
Event: 2.298 Thread 0x00000192c12cadb0 Uncommon trap: trap_request=0xffffffc6 fr.pc=0x00000192cdd4c4d4 relative=0x0000000000001b74
Event: 2.298 Thread 0x00000192c12cadb0 Uncommon trap: reason=bimorphic_or_optimized_type_check action=maybe_recompile pc=0x00000192cdd4c4d4 method=java.util.HashMap.putVal(ILjava/lang/Object;Ljava/lang/Object;ZZ)Ljava/lang/Object; @ 91 c2
Event: 2.298 Thread 0x00000192c12cadb0 DEOPT PACKING pc=0x00000192cdd4c4d4 sp=0x00000053dfdfdeb0
Event: 2.298 Thread 0x00000192c12cadb0 DEOPT UNPACKING pc=0x00000192c622d72e sp=0x00000053dfdfde80 mode 2
Event: 2.298 Thread 0x00000192c12cadb0 Uncommon trap: trap_request=0xffffffc6 fr.pc=0x00000192cdd4c4d4 relative=0x0000000000001b74
Event: 2.298 Thread 0x00000192c12cadb0 Uncommon trap: reason=bimorphic_or_optimized_type_check action=maybe_recompile pc=0x00000192cdd4c4d4 method=java.util.HashMap.putVal(ILjava/lang/Object;Ljava/lang/Object;ZZ)Ljava/lang/Object; @ 91 c2
Event: 2.298 Thread 0x00000192c12cadb0 DEOPT PACKING pc=0x00000192cdd4c4d4 sp=0x00000053dfdfdeb0
Event: 2.298 Thread 0x00000192c12cadb0 DEOPT UNPACKING pc=0x00000192c622d72e sp=0x00000053dfdfde80 mode 2
Event: 2.298 Thread 0x00000192c12cadb0 Uncommon trap: trap_request=0xffffffc6 fr.pc=0x00000192cdd4c4d4 relative=0x0000000000001b74
Event: 2.298 Thread 0x00000192c12cadb0 Uncommon trap: reason=bimorphic_or_optimized_type_check action=maybe_recompile pc=0x00000192cdd4c4d4 method=java.util.HashMap.putVal(ILjava/lang/Object;Ljava/lang/Object;ZZ)Ljava/lang/Object; @ 91 c2
Event: 2.298 Thread 0x00000192c12cadb0 DEOPT PACKING pc=0x00000192cdd4c4d4 sp=0x00000053dfdfdeb0
Event: 2.298 Thread 0x00000192c12cadb0 DEOPT UNPACKING pc=0x00000192c622d72e sp=0x00000053dfdfde80 mode 2
Event: 2.324 Thread 0x00000192c12cadb0 Uncommon trap: trap_request=0xffffff45 fr.pc=0x00000192cdda30c4 relative=0x0000000000000324
Event: 2.324 Thread 0x00000192c12cadb0 Uncommon trap: reason=unstable_if action=reinterpret pc=0x00000192cdda30c4 method=java.util.HashMap.getNode(Ljava/lang/Object;)Ljava/util/HashMap$Node; @ 66 c2
Event: 2.324 Thread 0x00000192c12cadb0 DEOPT PACKING pc=0x00000192cdda30c4 sp=0x00000053dfdfec40
Event: 2.324 Thread 0x00000192c12cadb0 DEOPT UNPACKING pc=0x00000192c622d72e sp=0x00000053dfdfeb80 mode 2

Classes unloaded (0 events):
No events

Classes redefined (10 events):
Event: 632.803 Thread 0x00000192c0fd4b60 redefined class name=DriverFactory.DriverScript, count=1
Event: 5679.533 Thread 0x00000192c0fd4b60 redefined class name=DriverFactory.DriverScript, count=2
Event: 5697.678 Thread 0x00000192c0fd4b60 redefined class name=DriverFactory.DriverScript, count=3
Event: 5731.485 Thread 0x00000192c0fd4b60 redefined class name=DriverFactory.DriverScript, count=4
Event: 5760.097 Thread 0x00000192c0fd4b60 redefined class name=DriverFactory.DriverScript, count=5
Event: 5772.249 Thread 0x00000192c0fd4b60 redefined class name=DriverFactory.DriverScript, count=6
Event: 6154.446 Thread 0x00000192c0fd4b60 redefined class name=commonFunctionsLibrary.FunctionLibrary, count=1
Event: 6184.975 Thread 0x00000192c0fd4b60 redefined class name=commonFunctionsLibrary.FunctionLibrary, count=2
Event: 6747.743 Thread 0x00000192c0fd4b60 redefined class name=DriverFactory.DriverScript, count=7
Event: 6767.944 Thread 0x00000192c0fd4b60 redefined class name=DriverFactory.DriverScript, count=8

Internal exceptions (20 events):
Event: 1.324 Thread 0x00000192c12cadb0 Exception <a 'java/lang/NoSuchMethodError'{0x00000000892d9b90}: 'java.lang.Object java.lang.invoke.DirectMethodHandle$Holder.invokeStaticInit(java.lang.Object)'> (0x00000000892d9b90) 
thrown [t:\workspace\open\src\hotspot\share\interpreter\linkResolver.cpp, line 790]
Event: 1.326 Thread 0x00000192c12cadb0 Exception <a 'java/lang/NoSuchMethodError'{0x00000000892e0b30}: 'java.lang.Object java.lang.invoke.DirectMethodHandle$Holder.invokeInterface(java.lang.Object, java.lang.Object)'> (0x00000000892e0b30) 
thrown [t:\workspace\open\src\hotspot\share\interpreter\linkResolver.cpp, line 790]
Event: 1.382 Thread 0x00000192c12cadb0 Exception <a 'java/lang/NoSuchMethodError'{0x0000000088fbdc98}: 'void java.lang.invoke.DirectMethodHandle$Holder.invokeSpecial(java.lang.Object, java.lang.Object, java.lang.Object, java.lang.Object, java.lang.Object)'> (0x0000000088fbdc98) 
thrown [t:\workspace\open\src\hotspot\share\interpreter\linkResolver.cpp, line 790]
Event: 1.387 Thread 0x00000192c12cadb0 Exception <a 'java/lang/NoSuchMethodError'{0x0000000088fe1040}: 'void java.lang.invoke.DirectMethodHandle$Holder.invokeVirtual(java.lang.Object, java.lang.Object)'> (0x0000000088fe1040) 
thrown [t:\workspace\open\src\hotspot\share\interpreter\linkResolver.cpp, line 790]
Event: 1.466 Thread 0x00000192c12cadb0 Implicit null exception at 0x00000192cdd319f5 to 0x00000192cdd31b10
Event: 2.061 Thread 0x00000192c12cadb0 Exception <a 'java/lang/NoSuchMethodError'{0x00000000873ed258}: 'java.lang.Object java.lang.invoke.DirectMethodHandle$Holder.invokeStaticInit(java.lang.Object, int, int, int, int)'> (0x00000000873ed258) 
thrown [t:\workspace\open\src\hotspot\share\interpreter\linkResolver.cpp, line 790]
Event: 2.162 Thread 0x00000192c12cadb0 Exception <a 'java/lang/NoSuchMethodError'{0x00000000872402b0}: 'java.lang.Object java.lang.invoke.DirectMethodHandle$Holder.invokeStaticInit(java.lang.Object, java.lang.Object, int, int, int, int)'> (0x00000000872402b0) 
thrown [t:\workspace\open\src\hotspot\share\interpreter\linkResolver.cpp, line 790]
Event: 2.246 Thread 0x00000192c12cadb0 Exception <a 'java/lang/ClassNotFoundException'{0x0000000086c47740}: com/relevantcodes/extentreports/LogStatusBeanInfo> (0x0000000086c47740) 
thrown [t:\workspace\open\src\hotspot\share\classfile\systemDictionary.cpp, line 256]
Event: 2.247 Thread 0x00000192c12cadb0 Exception <a 'java/lang/ClassNotFoundException'{0x0000000086c47f38}: java/lang/EnumBeanInfo> (0x0000000086c47f38) 
thrown [t:\workspace\open\src\hotspot\share\classfile\systemDictionary.cpp, line 256]
Event: 2.247 Thread 0x00000192c12cadb0 Exception <a 'java/lang/ClassNotFoundException'{0x0000000086c486e8}: java/lang/ObjectBeanInfo> (0x0000000086c486e8) 
thrown [t:\workspace\open\src\hotspot\share\classfile\systemDictionary.cpp, line 256]
Event: 2.247 Thread 0x00000192c12cadb0 Exception <a 'java/lang/ClassNotFoundException'{0x0000000086c4a0c8}: java/lang/ObjectCustomizer> (0x0000000086c4a0c8) 
thrown [t:\workspace\open\src\hotspot\share\classfile\systemDictionary.cpp, line 256]
Event: 2.271 Thread 0x00000192c12cadb0 Exception <a 'java/lang/IncompatibleClassChangeError'{0x0000000089b13498}: Found class java.lang.Object, but interface was expected> (0x0000000089b13498) 
thrown [t:\workspace\open\src\hotspot\share\interpreter\linkResolver.cpp, line 857]
Event: 2.290 Thread 0x00000192c12cadb0 Exception <a 'java/lang/ClassNotFoundException'{0x0000000089bb2c98}: java/lang/EnumCustomizer> (0x0000000089bb2c98) 
thrown [t:\workspace\open\src\hotspot\share\classfile\systemDictionary.cpp, line 256]
Event: 2.293 Thread 0x00000192c12cadb0 Exception <a 'java/lang/ClassNotFoundException'{0x0000000089bc97f0}: com/relevantcodes/extentreports/LogStatusCustomizer> (0x0000000089bc97f0) 
thrown [t:\workspace\open\src\hotspot\share\classfile\systemDictionary.cpp, line 256]
Event: 2.301 Thread 0x00000192c12cadb0 Exception <a 'java/lang/NoSuchMethodError'{0x000000008570d148}: 'int java.lang.invoke.DirectMethodHandle$Holder.invokeStaticInit(java.lang.Object, java.lang.Object, java.lang.Object, java.lang.Object)'> (0x000000008570d148) 
thrown [t:\workspace\open\src\hotspot\share\interpreter\linkResolver.cpp, line 790]
Event: 2.302 Thread 0x00000192c12cadb0 Exception <a 'java/lang/IncompatibleClassChangeError'{0x00000000857167b8}: Found class java.lang.Object, but interface was expected> (0x00000000857167b8) 
thrown [t:\workspace\open\src\hotspot\share\interpreter\linkResolver.cpp, line 857]
Event: 2.303 Thread 0x00000192c12cadb0 Exception <a 'java/lang/NoSuchMethodError'{0x0000000085719500}: 'void java.lang.invoke.DirectMethodHandle$Holder.invokeStatic(java.lang.Object, java.lang.Object)'> (0x0000000085719500) 
thrown [t:\workspace\open\src\hotspot\share\interpreter\linkResolver.cpp, line 790]
Event: 2.303 Thread 0x00000192c12cadb0 Exception <a 'java/lang/NoSuchMethodError'{0x000000008571cce0}: 'void java.lang.invoke.DirectMethodHandle$Holder.invokeStaticInit(java.lang.Object, java.lang.Object)'> (0x000000008571cce0) 
thrown [t:\workspace\open\src\hotspot\share\interpreter\linkResolver.cpp, line 790]
Event: 2.305 Thread 0x00000192c12cadb0 Exception <a 'java/lang/NoSuchMethodError'{0x0000000085724908}: 'int java.lang.invoke.DirectMethodHandle$Holder.invokeStaticInit(java.lang.Object, java.lang.Object)'> (0x0000000085724908) 
thrown [t:\workspace\open\src\hotspot\share\interpreter\linkResolver.cpp, line 790]
Event: 164.545 Thread 0x00000192c12cadb0 Exception <a 'java/io/FileNotFoundException'{0x00000000856a5218}> (0x00000000856a5218) 
thrown [t:\workspace\open\src\hotspot\share\prims\jni.cpp, line 579]

Events (20 events):
Event: 6726.560 Executing  VM operation: get/set locals done
Event: 6726.560 Executing  VM operation: get/set locals
Event: 6726.560 Executing  VM operation: get/set locals done
Event: 6747.739 Executing  VM operation: RedefineClasses
Event: 6747.749 Executing  VM operation: RedefineClasses done
Event: 6747.755 Executing  VM operation: ChangeBreakpoints
Event: 6747.756 Executing  VM operation: ChangeBreakpoints done
Event: 6747.762 Executing  VM operation: ChangeBreakpoints
Event: 6747.763 Executing  VM operation: ChangeBreakpoints done
Event: 6747.770 Executing  VM operation: ChangeBreakpoints
Event: 6747.771 Executing  VM operation: ChangeBreakpoints done
Event: 6767.942 Executing  VM operation: RedefineClasses
Event: 6767.950 Executing  VM operation: RedefineClasses done
Event: 6767.958 Executing  VM operation: ChangeBreakpoints
Event: 6767.959 Executing  VM operation: ChangeBreakpoints done
Event: 6767.969 Executing  VM operation: ChangeBreakpoints
Event: 6767.970 Executing  VM operation: ChangeBreakpoints done
Event: 6767.978 Executing  VM operation: ChangeBreakpoints
Event: 6767.979 Executing  VM operation: ChangeBreakpoints done
Event: 6796.687 Executing  VM operation: get/set locals


Dynamic libraries:
0x00007ff68dc90000 - 0x00007ff68dc9e000 	C:\Users\Dell\.p2\pool\plugins\org.eclipse.justj.openjdk.hotspot.jre.full.win32.x86_64_16.0.1.v20210528-1205\jre\bin\javaw.exe
0x00007ff923770000 - 0x00007ff923968000 	C:\WINDOWS\SYSTEM32\ntdll.dll
0x00007ff922190000 - 0x00007ff92224f000 	C:\WINDOWS\System32\KERNEL32.DLL
0x00007ff920f40000 - 0x00007ff921236000 	C:\WINDOWS\System32\KERNELBASE.dll
0x0000000067e20000 - 0x0000000067ebc000 	C:\ProgramData\Symantec\Symantec Endpoint Protection\14.3.8268.5000.105\Data\Sysfer\x64\sysfer.dll
0x00007ff921430000 - 0x00007ff921530000 	C:\WINDOWS\System32\ucrtbase.dll
0x00007ff907800000 - 0x00007ff907819000 	C:\Users\Dell\.p2\pool\plugins\org.eclipse.justj.openjdk.hotspot.jre.full.win32.x86_64_16.0.1.v20210528-1205\jre\bin\VCRUNTIME140.dll
0x00007ff9077e0000 - 0x00007ff9077f8000 	C:\Users\Dell\.p2\pool\plugins\org.eclipse.justj.openjdk.hotspot.jre.full.win32.x86_64_16.0.1.v20210528-1205\jre\bin\jli.dll
0x00007ff922460000 - 0x00007ff9225fd000 	C:\WINDOWS\System32\USER32.dll
0x00007ff921530000 - 0x00007ff921552000 	C:\WINDOWS\System32\win32u.dll
0x00007ff9167f0000 - 0x00007ff916a8a000 	C:\WINDOWS\WinSxS\amd64_microsoft.windows.common-controls_6595b64144ccf1df_6.0.19041.1110_none_60b5254171f9507e\COMCTL32.dll
0x00007ff921be0000 - 0x00007ff921c0c000 	C:\WINDOWS\System32\GDI32.dll
0x00007ff921a60000 - 0x00007ff921afe000 	C:\WINDOWS\System32\msvcrt.dll
0x00007ff921560000 - 0x00007ff921675000 	C:\WINDOWS\System32\gdi32full.dll
0x00007ff920e50000 - 0x00007ff920eed000 	C:\WINDOWS\System32\msvcp_win.dll
0x00007ff922c30000 - 0x00007ff922c60000 	C:\WINDOWS\System32\IMM32.DLL
0x00007ff908c90000 - 0x00007ff908c9c000 	C:\Users\Dell\.p2\pool\plugins\org.eclipse.justj.openjdk.hotspot.jre.full.win32.x86_64_16.0.1.v20210528-1205\jre\bin\vcruntime140_1.dll
0x00007ff8eb150000 - 0x00007ff8eb1e1000 	C:\Users\Dell\.p2\pool\plugins\org.eclipse.justj.openjdk.hotspot.jre.full.win32.x86_64_16.0.1.v20210528-1205\jre\bin\msvcp140.dll
0x00007ff8c1540000 - 0x00007ff8c20eb000 	C:\Users\Dell\.p2\pool\plugins\org.eclipse.justj.openjdk.hotspot.jre.full.win32.x86_64_16.0.1.v20210528-1205\jre\bin\server\jvm.dll
0x00007ff9220e0000 - 0x00007ff92218f000 	C:\WINDOWS\System32\ADVAPI32.dll
0x00007ff922b30000 - 0x00007ff922bcc000 	C:\WINDOWS\System32\sechost.dll
0x00007ff9233c0000 - 0x00007ff9234e6000 	C:\WINDOWS\System32\RPCRT4.dll
0x00007ff922b20000 - 0x00007ff922b28000 	C:\WINDOWS\System32\PSAPI.DLL
0x00007ff90a180000 - 0x00007ff90a189000 	C:\WINDOWS\SYSTEM32\WSOCK32.dll
0x00007ff922ab0000 - 0x00007ff922b1b000 	C:\WINDOWS\System32\WS2_32.dll
0x00007ff90fa30000 - 0x00007ff90fa57000 	C:\WINDOWS\SYSTEM32\WINMM.dll
0x00007ff91b500000 - 0x00007ff91b50a000 	C:\WINDOWS\SYSTEM32\VERSION.dll
0x00007ff91ed10000 - 0x00007ff91ed22000 	C:\WINDOWS\SYSTEM32\kernel.appcore.dll
0x00007ff90a550000 - 0x00007ff90a55a000 	C:\Users\Dell\.p2\pool\plugins\org.eclipse.justj.openjdk.hotspot.jre.full.win32.x86_64_16.0.1.v20210528-1205\jre\bin\jimage.dll
0x00007ff90b4c0000 - 0x00007ff90b6a4000 	C:\WINDOWS\SYSTEM32\DBGHELP.DLL
0x00007ff90a470000 - 0x00007ff90a4a4000 	C:\WINDOWS\SYSTEM32\dbgcore.DLL
0x00007ff9213a0000 - 0x00007ff921422000 	C:\WINDOWS\System32\bcryptPrimitives.dll
0x00007ff8f49f0000 - 0x00007ff8f4a2b000 	C:\Users\Dell\.p2\pool\plugins\org.eclipse.justj.openjdk.hotspot.jre.full.win32.x86_64_16.0.1.v20210528-1205\jre\bin\jdwp.dll
0x00007ff908bf0000 - 0x00007ff908bfe000 	C:\Users\Dell\.p2\pool\plugins\org.eclipse.justj.openjdk.hotspot.jre.full.win32.x86_64_16.0.1.v20210528-1205\jre\bin\instrument.dll
0x00007ff8fa2f0000 - 0x00007ff8fa315000 	C:\Users\Dell\.p2\pool\plugins\org.eclipse.justj.openjdk.hotspot.jre.full.win32.x86_64_16.0.1.v20210528-1205\jre\bin\java.dll
0x00007ff9081d0000 - 0x00007ff9081e8000 	C:\Users\Dell\.p2\pool\plugins\org.eclipse.justj.openjdk.hotspot.jre.full.win32.x86_64_16.0.1.v20210528-1205\jre\bin\zip.dll
0x00007ff922c70000 - 0x00007ff9233b4000 	C:\WINDOWS\System32\SHELL32.dll
0x00007ff91ef10000 - 0x00007ff91f6a3000 	C:\WINDOWS\SYSTEM32\windows.storage.dll
0x00007ff922750000 - 0x00007ff922aa4000 	C:\WINDOWS\System32\combase.dll
0x00007ff9207c0000 - 0x00007ff9207ee000 	C:\WINDOWS\SYSTEM32\Wldp.dll
0x00007ff9223b0000 - 0x00007ff92245d000 	C:\WINDOWS\System32\SHCORE.dll
0x00007ff921a00000 - 0x00007ff921a55000 	C:\WINDOWS\System32\shlwapi.dll
0x00007ff920d80000 - 0x00007ff920da5000 	C:\WINDOWS\SYSTEM32\profapi.dll
0x00007ff908b80000 - 0x00007ff908b8c000 	C:\Users\Dell\.p2\pool\plugins\org.eclipse.justj.openjdk.hotspot.jre.full.win32.x86_64_16.0.1.v20210528-1205\jre\bin\dt_socket.dll
0x00007ff920210000 - 0x00007ff92024b000 	C:\WINDOWS\SYSTEM32\IPHLPAPI.DLL
0x00007ff920520000 - 0x00007ff92058a000 	C:\WINDOWS\system32\mswsock.dll
0x00007ff920260000 - 0x00007ff92032a000 	C:\WINDOWS\SYSTEM32\DNSAPI.dll
0x00007ff922c60000 - 0x00007ff922c68000 	C:\WINDOWS\System32\NSI.dll
0x00007ff90fb10000 - 0x00007ff90fb1a000 	C:\Windows\System32\rasadhlp.dll
0x00007ff910ae0000 - 0x00007ff910b62000 	C:\WINDOWS\System32\fwpuclnt.dll
0x00007ff9217a0000 - 0x00007ff9217c7000 	C:\WINDOWS\System32\bcrypt.dll
0x00007ff9077c0000 - 0x00007ff9077d9000 	C:\Users\Dell\.p2\pool\plugins\org.eclipse.justj.openjdk.hotspot.jre.full.win32.x86_64_16.0.1.v20210528-1205\jre\bin\net.dll
0x00007ff91a2f0000 - 0x00007ff91a3fa000 	C:\WINDOWS\SYSTEM32\WINHTTP.dll
0x00007ff906e00000 - 0x00007ff906e13000 	C:\Users\Dell\.p2\pool\plugins\org.eclipse.justj.openjdk.hotspot.jre.full.win32.x86_64_16.0.1.v20210528-1205\jre\bin\nio.dll
0x00007ff90a2d0000 - 0x00007ff90a2e0000 	C:\Users\Dell\.p2\pool\plugins\org.eclipse.justj.openjdk.hotspot.jre.full.win32.x86_64_16.0.1.v20210528-1205\jre\bin\verify.dll
0x00007ff909610000 - 0x00007ff909627000 	C:\WINDOWS\system32\napinsp.dll
0x00007ff909be0000 - 0x00007ff909bfb000 	C:\WINDOWS\system32\pnrpnsp.dll
0x00007ff909630000 - 0x00007ff909645000 	C:\WINDOWS\system32\wshbth.dll
0x00007ff91c540000 - 0x00007ff91c55d000 	C:\WINDOWS\system32\NLAapi.dll
0x00007ff909120000 - 0x00007ff909132000 	C:\WINDOWS\System32\winrnr.dll
0x00007ff920710000 - 0x00007ff920728000 	C:\WINDOWS\SYSTEM32\CRYPTSP.dll
0x00007ff91fe30000 - 0x00007ff91fe64000 	C:\WINDOWS\system32\rsaenh.dll
0x00007ff920cb0000 - 0x00007ff920cde000 	C:\WINDOWS\SYSTEM32\USERENV.dll
0x00007ff920730000 - 0x00007ff92073c000 	C:\WINDOWS\SYSTEM32\CRYPTBASE.dll
0x00007ff915d10000 - 0x00007ff915d27000 	C:\WINDOWS\SYSTEM32\dhcpcsvc6.DLL
0x00007ff918040000 - 0x00007ff91805d000 	C:\WINDOWS\SYSTEM32\dhcpcsvc.DLL

dbghelp: loaded successfully - version: 4.0.5 - missing functions: none
symbol engine: initialized successfully - sym options: 0x614 - pdb path: .;C:\Users\Dell\.p2\pool\plugins\org.eclipse.justj.openjdk.hotspot.jre.full.win32.x86_64_16.0.1.v20210528-1205\jre\bin;C:\WINDOWS\SYSTEM32;C:\ProgramData\Symantec\Symantec Endpoint Protection\14.3.8268.5000.105\Data\Sysfer\x64;C:\WINDOWS\WinSxS\amd64_microsoft.windows.common-controls_6595b64144ccf1df_6.0.19041.1110_none_60b5254171f9507e;C:\Users\Dell\.p2\pool\plugins\org.eclipse.justj.openjdk.hotspot.jre.full.win32.x86_64_16.0.1.v20210528-1205\jre\bin\server

VM Arguments:
jvm_args: -XX:+ShowCodeDetailsInExceptionMessages -agentlib:jdwp=transport=dt_socket,suspend=y,address=localhost:58686 -javaagent:C:\Users\Dell\eclipse\jee-2020-12\eclipse\configuration\org.eclipse.osgi\405\0\.cp\lib\javaagent-shaded.jar -Dfile.encoding=Cp1252 
java_command: DriverFactory.DriverScript
java_class_path (initial): E:\New Project\Project_Rebilling\target\test-classes;E:\New Project\Project_Rebilling\target\classes;C:\Users\Dell\Downloads\selenium-server-4.1.4.jar;C:\Users\Dell\Downloads\poi-5.0.0\batik-all-1.13.jar;C:\Users\Dell\Downloads\poi-5.0.0\bcpkix-jdk15on-1.68.jar;C:\Users\Dell\Downloads\poi-5.0.0\bcprov-jdk15on-1.68.jar;C:\Users\Dell\Downloads\poi-5.0.0\commons-codec-1.15.jar;C:\Users\Dell\Downloads\poi-5.0.0\commons-collections4-4.4.jar;C:\Users\Dell\Downloads\poi-5.0.0\commons-compress-1.20.jar;C:\Users\Dell\Downloads\poi-5.0.0\commons-math3-3.6.1.jar;C:\Users\Dell\Downloads\poi-5.0.0\curvesapi-1.06.jar;C:\Users\Dell\Downloads\poi-5.0.0\fontbox-2.0.22.jar;C:\Users\Dell\Downloads\poi-5.0.0\graphics2d-0.30.jar;C:\Users\Dell\Downloads\poi-5.0.0\pdfbox-2.0.22.jar;C:\Users\Dell\Downloads\poi-5.0.0\poi-5.0.0.jar;C:\Users\Dell\Downloads\poi-5.0.0\poi-examples-5.0.0.jar;C:\Users\Dell\Downloads\poi-5.0.0\poi-excelant-5.0.0.jar;C:\Users\Dell\Downloads\poi-5.0.0\poi-integration-5.0.0.jar;C:\Users\Dell\Downloads\poi-5.0.0\poi-ooxml-5.0.0.jar;C:\Users\Dell\Downloads\poi-5.0.0\poi-ooxml-full-5.0.0.jar;C:\Users\Dell\Downloads\poi-5.0.0\poi-ooxml-lite-5.0.0.jar;C:\Users\Dell\Downloads\poi-5.0.0\poi-scratchpad-5.0.0.jar;C:\Users\Dell\Downloads\poi-5.0.0\SparseBitSet-1.2.jar;C:\Users\Dell\Downloads\poi-5.0.0\xml-apis-ext-1.3.04.jar;C:\Users\Dell\Downloads\poi-5.0.0\xmlbeans-4.0.0.jar;C:\Users\Dell\Downloads\poi-5.0.0\xmlgraphics-commons-2.4.jar;C:\Users\Dell\Downloads\poi-5.0.0\xmlsec-2.2.1.jar;C:\Users\Dell\Downloads\poi-5.0.0\ooxml-lib\commons-compress-1.20.jar;C:\Users\Dell\Downloads\poi-5.0.0\ooxml-lib\curvesapi-1.06.jar;C:\Users\Dell\Downloads\poi-5.0.0\ooxml-lib\xmlbeans-4.0.0.jar;C:\Users\Dell\Downloads\poi-5.0.0\lib\commons-codec-1.15.jar;C:\Users\Dell\Downloads\poi-5.0.0\lib\commons-collections4-4.4.jar;C:\Users\Dell\Downloads\poi-5.0.0\lib\commons-math3-3.6.1.jar;C:\Users\Dell\Downloads\poi-5.0.0\lib\SparseBitSet-1.2.jar;C:\Users\Dell\Downloads\
Launcher Type: SUN_STANDARD

[Global flags]
     intx CICompilerCount                          = 3                                         {product} {ergonomic}
     uint ConcGCThreads                            = 1                                         {product} {ergonomic}
     uint G1ConcRefinementThreads                  = 4                                         {product} {ergonomic}
   size_t G1HeapRegionSize                         = 1048576                                   {product} {ergonomic}
    uintx GCDrainStackTargetSize                   = 64                                        {product} {ergonomic}
   size_t InitialHeapSize                          = 134217728                                 {product} {ergonomic}
   size_t MarkStackSize                            = 4194304                                   {product} {ergonomic}
   size_t MaxHeapSize                              = 2118123520                                {product} {ergonomic}
   size_t MaxNewSize                               = 1270874112                                {product} {ergonomic}
   size_t MinHeapDeltaBytes                        = 1048576                                   {product} {ergonomic}
   size_t MinHeapSize                              = 8388608                                   {product} {ergonomic}
    uintx NonNMethodCodeHeapSize                   = 5832780                                {pd product} {ergonomic}
    uintx NonProfiledCodeHeapSize                  = 122912730                              {pd product} {ergonomic}
    uintx ProfiledCodeHeapSize                     = 122912730                              {pd product} {ergonomic}
    uintx ReservedCodeCacheSize                    = 251658240                              {pd product} {ergonomic}
     bool SegmentedCodeCache                       = true                                      {product} {ergonomic}
     bool ShowCodeDetailsInExceptionMessages       = true                                   {manageable} {command line}
   size_t SoftMaxHeapSize                          = 2118123520                             {manageable} {ergonomic}
     bool UseCompressedClassPointers               = true                           {product lp64_product} {ergonomic}
     bool UseCompressedOops                        = true                           {product lp64_product} {ergonomic}
     bool UseG1GC                                  = true                                      {product} {ergonomic}
     bool UseLargePagesIndividualAllocation        = false                                  {pd product} {ergonomic}

Logging:
Log output configuration:
 #0: stdout all=warning uptime,level,tags
 #1: stderr all=off uptime,level,tags

Environment Variables:
JAVA_HOME=C:\Program Files\Java\jdk1.8.0_121
PATH=C:\Users\Dell\.p2\pool\plugins\org.eclipse.justj.openjdk.hotspot.jre.full.win32.x86_64_16.0.1.v20210528-1205\jre\bin;C:/Users/Dell/.p2/pool/plugins/org.eclipse.justj.openjdk.hotspot.jre.full.win32.x86_64_16.0.1.v20210528-1205/jre/bin/server;C:/Users/Dell/.p2/pool/plugins/org.eclipse.justj.openjdk.hotspot.jre.full.win32.x86_64_16.0.1.v20210528-1205/jre/bin;C:\Program Files (x86)\Common Files\Oracle\Java\javapath;C:\Python38\Scripts\;C:\Python38\;E:\app\Dell\product\11.2.0\dbhome_1\bin;C:\ProgramData\Oracle\Java\javapath;C:\Program Files (x86)\Intel\iCLS Client\;C:\Program Files\Intel\iCLS Client\;C:\WINDOWS\system32;C:\WINDOWS;C:\WINDOWS\System32\Wbem;C:\WINDOWS\System32\WindowsPowerShell\v1.0\;C:\Program Files (x86)\Intel\Intel(R) Management Engine Components\DAL;C:\Program Files\Intel\Intel(R) Management Engine Components\DAL;C:\Program Files (x86)\Intel\Intel(R) Management Engine Components\IPT;C:\Program Files\Intel\Intel(R) Management Engine Components\IPT;C:\WINDOWS\System32\OpenSSH\;C:\Program Files\Intel\WiFi\bin\;C:\Program Files\Common Files\Intel\WirelessCommon\;C:\Program Files\Git\cmd;C:\ProgramData\chocolatey\bin;C:\Program Files\nodejs\;C:\Program Files\Java\jdk1.8.0_121\bin;C:\Program Files\dotnet\;C:\Program Files (x86)\Microsoft SQL Server\110\Tools\Binn\ManagementStudio\;C:\Program Files (x86)\Microsoft SQL Server\110\Tools\Binn\;C:\Program Files\Microsoft SQL Server\110\Tools\Binn\;C:\Program Files (x86)\Microsoft SQL Server\110\DTS\Binn\;C:\Users\Dell\AppData\Local\Microsoft\WindowsApps;C:\Program Files\JetBrains\IntelliJ IDEA Community Edition 2019.1\bin;;C:\Program Files\Microsoft VS Code\bin;C:\Users\Dell\AppData\Local\Programs\mongosh\;C:\Users\Dell\AppData\Local\GitHubDesktop\bin;C:\Users\Dell\AppData\Local\Programs\Microsoft VS Code\bin;C:\Users\Dell\AppData\Roaming\npm;C:\Users\Dell\Desktop;
USERNAME=Dell
OS=Windows_NT
PROCESSOR_IDENTIFIER=Intel64 Family 6 Model 158 Stepping 9, GenuineIntel



---------------  S Y S T E M  ---------------

OS:
 Windows 10 , 64 bit Build 19041 (10.0.19041.3155)
OS uptime: 12 days 2:29 hours

CPU: total 4 (initial active 4) (2 cores per cpu, 2 threads per core) family 6 model 158 stepping 9 microcode 0xb4, cx8, cmov, fxsr, ht, mmx, 3dnowpref, sse, sse2, sse3, ssse3, sse4.1, sse4.2, popcnt, lzcnt, tsc, tscinvbit, avx, avx2, aes, erms, clmul, bmi1, bmi2, adx, fma, vzeroupper, clflush, clflushopt

Memory: 4k page, system-wide physical 8076M (1156M free)
TotalPageFile size 14872M (AvailPageFile size 2196M)
current process WorkingSet (physical memory assigned to process): 91M, peak: 162M
current process commit charge ("private bytes"): 169M, peak: 260M

vm_info: OpenJDK 64-Bit Server VM (16.0.1+9-24) for windows-amd64 JRE (16.0.1+9-24), built on Mar 26 2021 19:30:07 by "mach5one" with MS VC++ 16.7 (VS2019)

END.
